[0.007s] Invoking command in '/home/hubert/dmpc_planner/dmpc_planner/build/dmpc_planner': /usr/bin/cmake /home/hubert/dmpc_planner/dmpc_planner -DCATKIN_INSTALL_INTO_PREFIX_ROOT=0 -DCATKIN_SYMLINK_INSTALL=ON -DCMAKE_INSTALL_PREFIX=/home/hubert/dmpc_planner/dmpc_planner/install/dmpc_planner
[0.051s] -- The C compiler identification is GNU 11.4.0
[0.100s] -- The CXX compiler identification is GNU 11.4.0
[0.107s] -- Detecting C compiler ABI info
[0.167s] -- Detecting C compiler ABI info - done
[0.174s] -- Check for working C compiler: /usr/bin/cc - skipped
[0.174s] -- Detecting C compile features
[0.175s] -- Detecting C compile features - done
[0.177s] -- Detecting CXX compiler ABI info
[0.257s] -- Detecting CXX compiler ABI info - done
[0.264s] -- Check for working CXX compiler: /usr/bin/c++ - skipped
[0.264s] -- Detecting CXX compile features
[0.264s] -- Detecting CXX compile features - done
[0.273s] [31mCMake Error at CMakeLists.txt:5 (find_package):
[0.273s]   By not providing "Findament_cmake.cmake" in CMAKE_MODULE_PATH this project
[0.273s]   has asked CMake to find a package configuration file provided by
[0.273s]   "ament_cmake", but CMake did not find one.
[0.273s] 
[0.273s]   Could not find a package configuration file provided by "ament_cmake" with
[0.273s]   any of the following names:
[0.274s] 
[0.274s]     ament_cmakeConfig.cmake
[0.274s]     ament_cmake-config.cmake
[0.274s] 
[0.274s]   Add the installation prefix of "ament_cmake" to CMAKE_PREFIX_PATH or set
[0.274s]   "ament_cmake_DIR" to a directory containing one of the above files.  If
[0.274s]   "ament_cmake" provides a separate development package or SDK, be sure it
[0.274s]   has been installed.
[0.274s] 
[0.274s] [0m
[0.274s] -- Configuring incomplete, errors occurred!
[0.274s] See also "/home/hubert/dmpc_planner/dmpc_planner/build/dmpc_planner/CMakeFiles/CMakeOutput.log".
[0.276s] Invoked command in '/home/hubert/dmpc_planner/dmpc_planner/build/dmpc_planner' returned '1': /usr/bin/cmake /home/hubert/dmpc_planner/dmpc_planner -DCATKIN_INSTALL_INTO_PREFIX_ROOT=0 -DCATKIN_SYMLINK_INSTALL=ON -DCMAKE_INSTALL_PREFIX=/home/hubert/dmpc_planner/dmpc_planner/install/dmpc_planner
