[0.000000] (-) TimerEvent: {}
[0.000101] (dmpc_planner) JobQueued: {'identifier': 'dmpc_planner', 'dependencies': OrderedDict()}
[0.000147] (dmpc_planner) JobStarted: {'identifier': 'dmpc_planner'}
[0.005563] (dmpc_planner) JobProgress: {'identifier': 'dmpc_planner', 'progress': 'cmake'}
[0.006268] (dmpc_planner) Command: {'cmd': ['/usr/bin/cmake', '/home/hubert/dmpc_planner/dmpc_planner', '-DCATKIN_INSTALL_INTO_PREFIX_ROOT=0', '-DCATKIN_SYMLINK_INSTALL=ON', '-DCMAKE_INSTALL_PREFIX=/home/hubert/dmpc_planner/dmpc_planner/install/dmpc_planner'], 'cwd': '/home/hubert/dmpc_planner/dmpc_planner/build/dmpc_planner', 'env': OrderedDict([('LANGUAGE', 'en_ZA:en'), ('USER', 'hubert'), ('XDG_SESSION_TYPE', 'wayland'), ('SHLVL', '1'), ('LD_LIBRARY_PATH', '/opt/ros/humble/opt/rviz_ogre_vendor/lib:/opt/ros/humble/lib/x86_64-linux-gnu:/opt/ros/humble/lib::~/acados/lib'), ('ACADOS_SOURCE_DIR', '~/acados/'), ('HOME', '/home/hubert'), ('OLDPWD', '/home/hubert/dmpc_planner'), ('DESKTOP_SESSION', 'ubuntu'), ('PYENV_SHELL', 'bash'), ('ROS_PYTHON_VERSION', '3'), ('GNOME_SHELL_SESSION_MODE', 'ubuntu'), ('GTK_MODULES', 'gail:atk-bridge'), ('SYSTEMD_EXEC_PID', '1125'), ('DBUS_SESSION_BUS_ADDRESS', 'unix:path=/run/user/1000/bus'), ('COLORTERM', 'truecolor'), ('IM_CONFIG_PHASE', '1'), ('WAYLAND_DISPLAY', 'wayland-0'), ('ROS_DISTRO', 'humble'), ('LOGNAME', 'hubert'), ('_', '/usr/bin/colcon'), ('ROS_VERSION', '2'), ('XDG_SESSION_CLASS', 'user'), ('USERNAME', 'hubert'), ('TERM', 'xterm-256color'), ('GNOME_DESKTOP_SESSION_ID', 'this-is-deprecated'), ('ROS_LOCALHOST_ONLY', '0'), ('PATH', '/opt/ros/humble/bin:/home/hubert/.pyenv/shims:/home/hubert/.pyenv/bin:/usr/local/sbin:/usr/local/bin:/usr/sbin:/usr/bin:/sbin:/bin:/usr/games:/usr/local/games:/snap/bin:/snap/bin'), ('SESSION_MANAGER', 'local/hubert-MacBookPro:@/tmp/.ICE-unix/1094,unix/hubert-MacBookPro:/tmp/.ICE-unix/1094'), ('XDG_MENU_PREFIX', 'gnome-'), ('GNOME_TERMINAL_SCREEN', '/org/gnome/Terminal/screen/0b490a29_877b_45d7_adf8_a17abc8090ee'), ('GNOME_SETUP_DISPLAY', ':1'), ('XDG_RUNTIME_DIR', '/run/user/1000'), ('DISPLAY', ':0'), ('LANG', 'en_US.UTF-8'), ('XDG_CURRENT_DESKTOP', 'ubuntu:GNOME'), ('XMODIFIERS', '@im=ibus'), ('XDG_SESSION_DESKTOP', 'ubuntu'), ('XAUTHORITY', '/run/user/1000/.mutter-Xwaylandauth.KZ96Y2'), ('GNOME_TERMINAL_SERVICE', ':1.697'), ('SSH_AGENT_LAUNCHER', 'gnome-keyring'), ('SSH_AUTH_SOCK', '/run/user/1000/keyring/ssh'), ('AMENT_PREFIX_PATH', '/opt/ros/humble'), ('SHELL', '/bin/bash'), ('QT_ACCESSIBILITY', '1'), ('GDMSESSION', 'ubuntu'), ('QT_IM_MODULE', 'ibus'), ('PWD', '/home/hubert/dmpc_planner/dmpc_planner/build/dmpc_planner'), ('QT_QPA_PLATFORM', 'xcb'), ('LC_ALL', 'en_US.UTF-8'), ('XDG_CONFIG_DIRS', '/etc/xdg/xdg-ubuntu:/etc/xdg'), ('PYENV_ROOT', '/home/hubert/.pyenv'), ('XDG_DATA_DIRS', '/usr/share/ubuntu:/usr/local/share/:/usr/share/:/var/lib/snapd/desktop'), ('PYTHONPATH', '/opt/ros/humble/lib/python3.10/site-packages:/opt/ros/humble/local/lib/python3.10/dist-packages'), ('COLCON', '1'), ('VTE_VERSION', '6800')]), 'shell': False}
[0.023705] (dmpc_planner) StdoutLine: {'line': b'-- Found ament_cmake: 1.3.11 (/opt/ros/humble/share/ament_cmake/cmake)\n'}
[0.099141] (-) TimerEvent: {}
[0.199447] (-) TimerEvent: {}
[0.300094] (-) TimerEvent: {}
[0.400674] (-) TimerEvent: {}
[0.501003] (-) TimerEvent: {}
[0.601435] (-) TimerEvent: {}
[0.701903] (-) TimerEvent: {}
[0.761311] (dmpc_planner) StdoutLine: {'line': b'-- Found Python3: /home/hubert/.pyenv/shims/python3 (found version "3.8.10") found components: Interpreter \n'}
[0.801994] (-) TimerEvent: {}
[0.902215] (-) TimerEvent: {}
[0.921739] (dmpc_planner) StdoutLine: {'line': b'-- Found rclpy: 3.3.15 (/opt/ros/humble/share/rclpy/cmake)\n'}
[1.002350] (-) TimerEvent: {}
[1.102755] (-) TimerEvent: {}
[1.150976] (dmpc_planner) StderrLine: {'line': b'Traceback (most recent call last):\n'}
[1.151158] (dmpc_planner) StderrLine: {'line': b'  File "/opt/ros/humble/share/ament_cmake_core/cmake/core/package_xml_2_cmake.py", line 22, in <module>\n'}
[1.151232] (dmpc_planner) StderrLine: {'line': b'    from catkin_pkg.package import parse_package_string\n'}
[1.151307] (dmpc_planner) StderrLine: {'line': b"ModuleNotFoundError: No module named 'catkin_pkg'\n"}
[1.154257] (dmpc_planner) StderrLine: {'line': b'\x1b[31mCMake Error at /opt/ros/humble/share/ament_cmake_core/cmake/core/ament_package_xml.cmake:95 (message):\n'}
[1.154358] (dmpc_planner) StderrLine: {'line': b'  execute_process(/home/hubert/.pyenv/shims/python3\n'}
[1.154420] (dmpc_planner) StderrLine: {'line': b'  /opt/ros/humble/share/ament_cmake_core/cmake/core/package_xml_2_cmake.py\n'}
[1.154483] (dmpc_planner) StderrLine: {'line': b'  /home/hubert/dmpc_planner/dmpc_planner/package.xml\n'}
[1.154545] (dmpc_planner) StderrLine: {'line': b'  /home/hubert/dmpc_planner/dmpc_planner/build/dmpc_planner/ament_cmake_core/package.cmake)\n'}
[1.154607] (dmpc_planner) StderrLine: {'line': b'  returned error code 1\n'}
[1.154667] (dmpc_planner) StderrLine: {'line': b'Call Stack (most recent call first):\n'}
[1.154726] (dmpc_planner) StderrLine: {'line': b'  /opt/ros/humble/share/ament_cmake_core/cmake/core/ament_package_xml.cmake:49 (_ament_package_xml)\n'}
[1.154785] (dmpc_planner) StderrLine: {'line': b'  /opt/ros/humble/share/ament_cmake_python/cmake/ament_python_install_package.cmake:60 (ament_package_xml)\n'}
[1.154844] (dmpc_planner) StderrLine: {'line': b'  /opt/ros/humble/share/ament_cmake_python/cmake/ament_python_install_package.cmake:39 (_ament_cmake_python_install_package)\n'}
[1.154904] (dmpc_planner) StderrLine: {'line': b'  CMakeLists.txt:9 (ament_python_install_package)\n'}
[1.155062] (dmpc_planner) StderrLine: {'line': b'\n'}
[1.155125] (dmpc_planner) StderrLine: {'line': b'\x1b[0m\n'}
[1.155182] (dmpc_planner) StdoutLine: {'line': b'-- Configuring incomplete, errors occurred!\n'}
[1.155246] (dmpc_planner) StdoutLine: {'line': b'See also "/home/hubert/dmpc_planner/dmpc_planner/build/dmpc_planner/CMakeFiles/CMakeOutput.log".\n'}
[1.157124] (dmpc_planner) CommandEnded: {'returncode': 1}
[1.174049] (dmpc_planner) JobEnded: {'identifier': 'dmpc_planner', 'rc': 1}
[1.184712] (-) EventReactorShutdown: {}
