[0.160s] DEBUG:colcon:Command line arguments: ['/usr/bin/colcon', 'build', '--symlink-install']
[0.160s] DEBUG:colcon:Parsed command line arguments: Namespace(log_base=None, log_level=None, verb_name='build', build_base='build', install_base='install', merge_install=False, symlink_install=True, test_result_base=None, continue_on_error=False, executor='parallel', parallel_workers=12, event_handlers=None, ignore_user_meta=False, metas=['./colcon.meta'], base_paths=['.'], packages_ignore=None, packages_ignore_regex=None, paths=None, packages_up_to=None, packages_up_to_regex=None, packages_above=None, packages_above_and_dependencies=None, packages_above_depth=None, packages_select_by_dep=None, packages_skip_by_dep=None, packages_skip_up_to=None, packages_select_build_failed=False, packages_skip_build_finished=False, packages_select_test_failures=False, packages_skip_test_passed=False, packages_select=None, packages_skip=None, packages_select_regex=None, packages_skip_regex=None, packages_start=None, packages_end=None, allow_overriding=[], cmake_args=None, cmake_target=None, cmake_target_skip_unavailable=False, cmake_clean_cache=False, cmake_clean_first=False, cmake_force_configure=False, ament_cmake_args=None, catkin_cmake_args=None, catkin_skip_building_tests=False, verb_parser=<colcon_defaults.argument_parser.defaults.DefaultArgumentsDecorator object at 0x7fbea13ffbe0>, verb_extension=<colcon_core.verb.build.BuildVerb object at 0x7fbea13ff6a0>, main=<bound method BuildVerb.main of <colcon_core.verb.build.BuildVerb object at 0x7fbea13ff6a0>>)
[0.336s] Level 1:colcon.colcon_core.package_discovery:discover_packages(colcon_meta) check parameters
[0.336s] Level 1:colcon.colcon_core.package_discovery:discover_packages(recursive) check parameters
[0.336s] Level 1:colcon.colcon_core.package_discovery:discover_packages(ignore) check parameters
[0.336s] Level 1:colcon.colcon_core.package_discovery:discover_packages(path) check parameters
[0.336s] Level 1:colcon.colcon_core.package_discovery:discover_packages(colcon_meta) discover
[0.336s] Level 1:colcon.colcon_core.package_discovery:discover_packages(recursive) discover
[0.336s] INFO:colcon.colcon_core.package_discovery:Crawling recursively for packages in '/home/hubert/dmpc_planner/dmpc_planner'
[0.337s] Level 1:colcon.colcon_core.package_identification:_identify(.) by extensions ['ignore', 'ignore_ament_install']
[0.337s] Level 1:colcon.colcon_core.package_identification:_identify(.) by extension 'ignore'
[0.337s] Level 1:colcon.colcon_core.package_identification:_identify(.) by extension 'ignore_ament_install'
[0.337s] Level 1:colcon.colcon_core.package_identification:_identify(.) by extensions ['colcon_pkg']
[0.337s] Level 1:colcon.colcon_core.package_identification:_identify(.) by extension 'colcon_pkg'
[0.337s] Level 1:colcon.colcon_core.package_identification:_identify(.) by extensions ['colcon_meta']
[0.337s] Level 1:colcon.colcon_core.package_identification:_identify(.) by extension 'colcon_meta'
[0.337s] Level 1:colcon.colcon_core.package_identification:_identify(.) by extensions ['ros']
[0.337s] Level 1:colcon.colcon_core.package_identification:_identify(.) by extension 'ros'
[0.348s] DEBUG:colcon.colcon_core.package_identification:Package '.' with type 'ros.catkin' and name 'dmpc_planner'
[0.348s] Level 1:colcon.colcon_core.package_discovery:discover_packages(recursive) using defaults
[0.348s] Level 1:colcon.colcon_core.package_discovery:discover_packages(ignore) discover
[0.348s] Level 1:colcon.colcon_core.package_discovery:discover_packages(ignore) using defaults
[0.348s] Level 1:colcon.colcon_core.package_discovery:discover_packages(path) discover
[0.348s] Level 1:colcon.colcon_core.package_discovery:discover_packages(path) using defaults
[0.365s] Level 1:colcon.colcon_core.package_discovery:discover_packages(prefix_path) check parameters
[0.365s] Level 1:colcon.colcon_core.package_discovery:discover_packages(prefix_path) discover
[0.367s] DEBUG:colcon.colcon_installed_package_information.package_discovery:Found 275 installed packages in /opt/ros/humble
[0.369s] Level 1:colcon.colcon_core.package_discovery:discover_packages(prefix_path) using defaults
[0.407s] Level 5:colcon.colcon_core.verb:set package 'dmpc_planner' build argument 'cmake_args' from command line to 'None'
[0.407s] Level 5:colcon.colcon_core.verb:set package 'dmpc_planner' build argument 'cmake_target' from command line to 'None'
[0.407s] Level 5:colcon.colcon_core.verb:set package 'dmpc_planner' build argument 'cmake_target_skip_unavailable' from command line to 'False'
[0.407s] Level 5:colcon.colcon_core.verb:set package 'dmpc_planner' build argument 'cmake_clean_cache' from command line to 'False'
[0.407s] Level 5:colcon.colcon_core.verb:set package 'dmpc_planner' build argument 'cmake_clean_first' from command line to 'False'
[0.407s] Level 5:colcon.colcon_core.verb:set package 'dmpc_planner' build argument 'cmake_force_configure' from command line to 'False'
[0.407s] Level 5:colcon.colcon_core.verb:set package 'dmpc_planner' build argument 'ament_cmake_args' from command line to 'None'
[0.407s] Level 5:colcon.colcon_core.verb:set package 'dmpc_planner' build argument 'catkin_cmake_args' from command line to 'None'
[0.407s] Level 5:colcon.colcon_core.verb:set package 'dmpc_planner' build argument 'catkin_skip_building_tests' from command line to 'False'
[0.407s] DEBUG:colcon.colcon_core.verb:Building package 'dmpc_planner' with the following arguments: {'ament_cmake_args': None, 'build_base': '/home/hubert/dmpc_planner/dmpc_planner/build/dmpc_planner', 'catkin_cmake_args': None, 'catkin_skip_building_tests': False, 'cmake_args': None, 'cmake_clean_cache': False, 'cmake_clean_first': False, 'cmake_force_configure': False, 'cmake_target': None, 'cmake_target_skip_unavailable': False, 'install_base': '/home/hubert/dmpc_planner/dmpc_planner/install/dmpc_planner', 'merge_install': False, 'path': '/home/hubert/dmpc_planner/dmpc_planner', 'symlink_install': True, 'test_result_base': None}
[0.408s] INFO:colcon.colcon_core.executor:Executing jobs using 'parallel' executor
[0.408s] DEBUG:colcon.colcon_parallel_executor.executor.parallel:run_until_complete
[0.408s] INFO:colcon.colcon_ros.task.catkin.build:Building ROS package in '/home/hubert/dmpc_planner/dmpc_planner' with build type 'catkin'
[0.409s] INFO:colcon.colcon_cmake.task.cmake.build:Building CMake package in '/home/hubert/dmpc_planner/dmpc_planner'
[0.410s] INFO:colcon.colcon_core.plugin_system:Skipping extension 'colcon_core.shell.bat': Not used on non-Windows systems
[0.410s] INFO:colcon.colcon_core.shell:Skip shell extension 'powershell' for command environment: Not usable outside of PowerShell
[0.411s] DEBUG:colcon.colcon_core.shell:Skip shell extension 'dsv' for command environment
[0.417s] DEBUG:colcon.colcon_core.event_handler.log_command:Invoking command in '/home/hubert/dmpc_planner/dmpc_planner/build/dmpc_planner': /usr/bin/cmake /home/hubert/dmpc_planner/dmpc_planner -DCATKIN_INSTALL_INTO_PREFIX_ROOT=0 -DCATKIN_SYMLINK_INSTALL=ON -DCMAKE_INSTALL_PREFIX=/home/hubert/dmpc_planner/dmpc_planner/install/dmpc_planner
[1.566s] DEBUG:colcon.colcon_core.event_handler.log_command:Invoked command in '/home/hubert/dmpc_planner/dmpc_planner/build/dmpc_planner' returned '1': /usr/bin/cmake /home/hubert/dmpc_planner/dmpc_planner -DCATKIN_INSTALL_INTO_PREFIX_ROOT=0 -DCATKIN_SYMLINK_INSTALL=ON -DCMAKE_INSTALL_PREFIX=/home/hubert/dmpc_planner/dmpc_planner/install/dmpc_planner
[1.577s] Level 1:colcon.colcon_core.environment:create_environment_scripts_only(dmpc_planner)
[1.579s] Level 1:colcon.colcon_core.environment:checking '/home/hubert/dmpc_planner/dmpc_planner/install/dmpc_planner' for CMake module files
[1.579s] Level 1:colcon.colcon_core.environment:checking '/home/hubert/dmpc_planner/dmpc_planner/install/dmpc_planner' for CMake config files
[1.579s] Level 1:colcon.colcon_core.environment:checking '/home/hubert/dmpc_planner/dmpc_planner/install/dmpc_planner/bin'
[1.579s] Level 1:colcon.colcon_core.environment:checking '/home/hubert/dmpc_planner/dmpc_planner/install/dmpc_planner/lib/pkgconfig/dmpc_planner.pc'
[1.580s] Level 1:colcon.colcon_core.environment:checking '/home/hubert/dmpc_planner/dmpc_planner/install/dmpc_planner/lib/python3.10/site-packages'
[1.580s] Level 1:colcon.colcon_core.environment:checking '/home/hubert/dmpc_planner/dmpc_planner/install/dmpc_planner/bin'
[1.580s] INFO:colcon.colcon_core.shell:Creating package script '/home/hubert/dmpc_planner/dmpc_planner/install/dmpc_planner/share/dmpc_planner/package.ps1'
[1.581s] INFO:colcon.colcon_core.shell:Creating package descriptor '/home/hubert/dmpc_planner/dmpc_planner/install/dmpc_planner/share/dmpc_planner/package.dsv'
[1.581s] INFO:colcon.colcon_core.shell:Creating package script '/home/hubert/dmpc_planner/dmpc_planner/install/dmpc_planner/share/dmpc_planner/package.sh'
[1.582s] INFO:colcon.colcon_core.shell:Creating package script '/home/hubert/dmpc_planner/dmpc_planner/install/dmpc_planner/share/dmpc_planner/package.bash'
[1.582s] INFO:colcon.colcon_core.shell:Creating package script '/home/hubert/dmpc_planner/dmpc_planner/install/dmpc_planner/share/dmpc_planner/package.zsh'
[1.583s] Level 1:colcon.colcon_core.environment:create_file_with_runtime_dependencies(/home/hubert/dmpc_planner/dmpc_planner/install/dmpc_planner/share/colcon-core/packages/dmpc_planner)
[1.593s] DEBUG:colcon.colcon_parallel_executor.executor.parallel:closing loop
[1.593s] DEBUG:colcon.colcon_parallel_executor.executor.parallel:loop closed
[1.593s] DEBUG:colcon.colcon_parallel_executor.executor.parallel:run_until_complete finished with '1'
[1.593s] DEBUG:colcon.colcon_core.event_reactor:joining thread
[1.598s] INFO:colcon.colcon_core.plugin_system:Skipping extension 'colcon_notification.desktop_notification.terminal_notifier': Not used on non-Darwin systems
[1.598s] INFO:colcon.colcon_core.plugin_system:Skipping extension 'colcon_notification.desktop_notification.win32': Not used on non-Windows systems
[1.598s] INFO:colcon.colcon_notification.desktop_notification:Sending desktop notification using 'notify2'
[1.608s] DEBUG:colcon.colcon_core.event_reactor:joined thread
[1.608s] INFO:colcon.colcon_core.shell:Creating prefix script '/home/hubert/dmpc_planner/dmpc_planner/install/local_setup.ps1'
[1.609s] INFO:colcon.colcon_core.shell:Creating prefix util module '/home/hubert/dmpc_planner/dmpc_planner/install/_local_setup_util_ps1.py'
[1.610s] INFO:colcon.colcon_core.shell:Creating prefix chain script '/home/hubert/dmpc_planner/dmpc_planner/install/setup.ps1'
[1.611s] INFO:colcon.colcon_core.shell:Creating prefix script '/home/hubert/dmpc_planner/dmpc_planner/install/local_setup.sh'
[1.611s] INFO:colcon.colcon_core.shell:Creating prefix util module '/home/hubert/dmpc_planner/dmpc_planner/install/_local_setup_util_sh.py'
[1.611s] INFO:colcon.colcon_core.shell:Creating prefix chain script '/home/hubert/dmpc_planner/dmpc_planner/install/setup.sh'
[1.612s] INFO:colcon.colcon_core.shell:Creating prefix script '/home/hubert/dmpc_planner/dmpc_planner/install/local_setup.bash'
[1.613s] INFO:colcon.colcon_core.shell:Creating prefix chain script '/home/hubert/dmpc_planner/dmpc_planner/install/setup.bash'
[1.613s] INFO:colcon.colcon_core.shell:Creating prefix script '/home/hubert/dmpc_planner/dmpc_planner/install/local_setup.zsh'
[1.614s] INFO:colcon.colcon_core.shell:Creating prefix chain script '/home/hubert/dmpc_planner/dmpc_planner/install/setup.zsh'
