[0.000000] (-) TimerEvent: {}
[0.000100] (dmpc_planner) JobQueued: {'identifier': 'dmpc_planner', 'dependencies': OrderedDict()}
[0.000597] (dmpc_planner) JobStarted: {'identifier': 'dmpc_planner'}
[0.006358] (dmpc_planner) JobProgress: {'identifier': 'dmpc_planner', 'progress': 'cmake'}
[0.007102] (dmpc_planner) Command: {'cmd': ['/usr/bin/cmake', '/home/hubert/dmpc_planner/dmpc_planner', '-DCATKIN_INSTALL_INTO_PREFIX_ROOT=0', '-DCATKIN_SYMLINK_INSTALL=ON', '-DCMAKE_INSTALL_PREFIX=/home/hubert/dmpc_planner/dmpc_planner/install/dmpc_planner'], 'cwd': '/home/hubert/dmpc_planner/dmpc_planner/build/dmpc_planner', 'env': OrderedDict([('LANGUAGE', 'en_ZA:en'), ('USER', 'hubert'), ('XDG_SESSION_TYPE', 'wayland'), ('SHLVL', '1'), ('LD_LIBRARY_PATH', '/opt/ros/humble/opt/rviz_ogre_vendor/lib:/opt/ros/humble/lib/x86_64-linux-gnu:/opt/ros/humble/lib::~/acados/lib'), ('ACADOS_SOURCE_DIR', '~/acados/'), ('HOME', '/home/hubert'), ('OLDPWD', '/home/hubert/dmpc_planner'), ('DESKTOP_SESSION', 'ubuntu'), ('PYENV_SHELL', 'bash'), ('ROS_PYTHON_VERSION', '3'), ('GNOME_SHELL_SESSION_MODE', 'ubuntu'), ('GTK_MODULES', 'gail:atk-bridge'), ('SYSTEMD_EXEC_PID', '1125'), ('DBUS_SESSION_BUS_ADDRESS', 'unix:path=/run/user/1000/bus'), ('COLORTERM', 'truecolor'), ('IM_CONFIG_PHASE', '1'), ('WAYLAND_DISPLAY', 'wayland-0'), ('ROS_DISTRO', 'humble'), ('LOGNAME', 'hubert'), ('_', '/usr/bin/colcon'), ('ROS_VERSION', '2'), ('XDG_SESSION_CLASS', 'user'), ('USERNAME', 'hubert'), ('TERM', 'xterm-256color'), ('GNOME_DESKTOP_SESSION_ID', 'this-is-deprecated'), ('ROS_LOCALHOST_ONLY', '0'), ('PATH', '/opt/ros/humble/bin:/home/hubert/.pyenv/shims:/home/hubert/.pyenv/bin:/usr/local/sbin:/usr/local/bin:/usr/sbin:/usr/bin:/sbin:/bin:/usr/games:/usr/local/games:/snap/bin:/snap/bin'), ('SESSION_MANAGER', 'local/hubert-MacBookPro:@/tmp/.ICE-unix/1094,unix/hubert-MacBookPro:/tmp/.ICE-unix/1094'), ('XDG_MENU_PREFIX', 'gnome-'), ('GNOME_TERMINAL_SCREEN', '/org/gnome/Terminal/screen/0b490a29_877b_45d7_adf8_a17abc8090ee'), ('GNOME_SETUP_DISPLAY', ':1'), ('XDG_RUNTIME_DIR', '/run/user/1000'), ('DISPLAY', ':0'), ('LANG', 'en_US.UTF-8'), ('XDG_CURRENT_DESKTOP', 'ubuntu:GNOME'), ('XMODIFIERS', '@im=ibus'), ('XDG_SESSION_DESKTOP', 'ubuntu'), ('XAUTHORITY', '/run/user/1000/.mutter-Xwaylandauth.KZ96Y2'), ('GNOME_TERMINAL_SERVICE', ':1.697'), ('SSH_AGENT_LAUNCHER', 'gnome-keyring'), ('SSH_AUTH_SOCK', '/run/user/1000/keyring/ssh'), ('AMENT_PREFIX_PATH', '/opt/ros/humble'), ('SHELL', '/bin/bash'), ('QT_ACCESSIBILITY', '1'), ('GDMSESSION', 'ubuntu'), ('QT_IM_MODULE', 'ibus'), ('PWD', '/home/hubert/dmpc_planner/dmpc_planner/build/dmpc_planner'), ('QT_QPA_PLATFORM', 'xcb'), ('LC_ALL', 'en_US.UTF-8'), ('XDG_CONFIG_DIRS', '/etc/xdg/xdg-ubuntu:/etc/xdg'), ('PYENV_ROOT', '/home/hubert/.pyenv'), ('XDG_DATA_DIRS', '/usr/share/ubuntu:/usr/local/share/:/usr/share/:/var/lib/snapd/desktop'), ('PYTHONPATH', '/opt/ros/humble/lib/python3.10/site-packages:/opt/ros/humble/local/lib/python3.10/dist-packages'), ('COLCON', '1'), ('VTE_VERSION', '6800')]), 'shell': False}
[0.019529] (dmpc_planner) StdoutLine: {'line': b'-- Found ament_cmake: 1.3.11 (/opt/ros/humble/share/ament_cmake/cmake)\n'}
[0.099843] (-) TimerEvent: {}
[0.200156] (-) TimerEvent: {}
[0.300669] (-) TimerEvent: {}
[0.345915] (dmpc_planner) StdoutLine: {'line': b'-- Found rclpy: 3.3.15 (/opt/ros/humble/share/rclpy/cmake)\n'}
[0.400758] (-) TimerEvent: {}
[0.476587] (dmpc_planner) StderrLine: {'line': b'\x1b[31mCMake Error at /opt/ros/humble/share/ament_cmake_python/cmake/ament_python_install_package.cmake:66 (message):\n'}
[0.476822] (dmpc_planner) StderrLine: {'line': b'  ament_python_install_package() the Python package folder\n'}
[0.476882] (dmpc_planner) StderrLine: {'line': b"  '/home/hubert/dmpc_planner/dmpc_planner/dmpc_planner' doesn't contain an\n"}
[0.476933] (dmpc_planner) StderrLine: {'line': b"  '__init__.py' file\n"}
[0.477001] (dmpc_planner) StderrLine: {'line': b'Call Stack (most recent call first):\n'}
[0.477063] (dmpc_planner) StderrLine: {'line': b'  /opt/ros/humble/share/ament_cmake_python/cmake/ament_python_install_package.cmake:39 (_ament_cmake_python_install_package)\n'}
[0.477118] (dmpc_planner) StderrLine: {'line': b'  CMakeLists.txt:9 (ament_python_install_package)\n'}
[0.477166] (dmpc_planner) StderrLine: {'line': b'\n'}
[0.477213] (dmpc_planner) StderrLine: {'line': b'\x1b[0m\n'}
[0.477259] (dmpc_planner) StdoutLine: {'line': b'-- Configuring incomplete, errors occurred!\n'}
[0.477314] (dmpc_planner) StdoutLine: {'line': b'See also "/home/hubert/dmpc_planner/dmpc_planner/build/dmpc_planner/CMakeFiles/CMakeOutput.log".\n'}
[0.479110] (dmpc_planner) CommandEnded: {'returncode': 1}
[0.495792] (dmpc_planner) JobEnded: {'identifier': 'dmpc_planner', 'rc': 1}
[0.500836] (-) TimerEvent: {}
[0.506237] (-) EventReactorShutdown: {}
