-- Found ament_cmake: 1.3.11 (/opt/ros/humble/share/ament_cmake/cmake)
-- Found Python3: /home/hubert/.pyenv/shims/python3 (found version "3.8.10") found components: Interpreter 
-- Found rclpy: 3.3.15 (/opt/ros/humble/share/rclpy/cmake)
Traceback (most recent call last):
  File "/opt/ros/humble/share/ament_cmake_core/cmake/core/package_xml_2_cmake.py", line 22, in <module>
    from catkin_pkg.package import parse_package_string
ModuleNotFoundError: No module named 'catkin_pkg'
[31mCMake Error at /opt/ros/humble/share/ament_cmake_core/cmake/core/ament_package_xml.cmake:95 (message):
  execute_process(/home/hubert/.pyenv/shims/python3
  /opt/ros/humble/share/ament_cmake_core/cmake/core/package_xml_2_cmake.py
  /home/hubert/dmpc_planner/dmpc_planner/package.xml
  /home/hubert/dmpc_planner/dmpc_planner/build/dmpc_planner/ament_cmake_core/package.cmake)
  returned error code 1
Call Stack (most recent call first):
  /opt/ros/humble/share/ament_cmake_core/cmake/core/ament_package_xml.cmake:49 (_ament_package_xml)
  /opt/ros/humble/share/ament_cmake_python/cmake/ament_python_install_package.cmake:60 (ament_package_xml)
  /opt/ros/humble/share/ament_cmake_python/cmake/ament_python_install_package.cmake:39 (_ament_cmake_python_install_package)
  CMakeLists.txt:9 (ament_python_install_package)

[0m
-- Configuring incomplete, errors occurred!
See also "/home/hubert/dmpc_planner/dmpc_planner/build/dmpc_planner/CMakeFiles/CMakeOutput.log".
