[0.008s] Invoking command in '/home/hubert/dmpc_planner/dmpc_planner/build/dmpc_planner': /usr/bin/cmake /home/hubert/dmpc_planner/dmpc_planner -DCATKIN_INSTALL_INTO_PREFIX_ROOT=0 -DCATKIN_SYMLINK_INSTALL=ON -DCMAKE_INSTALL_PREFIX=/home/hubert/dmpc_planner/dmpc_planner/install/dmpc_planner
[0.024s] -- Found ament_cmake: 1.3.11 (/opt/ros/humble/share/ament_cmake/cmake)
[0.761s] -- Found Python3: /home/hubert/.pyenv/shims/python3 (found version "3.8.10") found components: Interpreter 
[0.922s] -- Found rclpy: 3.3.15 (/opt/ros/humble/share/rclpy/cmake)
[1.151s] Traceback (most recent call last):
[1.151s]   File "/opt/ros/humble/share/ament_cmake_core/cmake/core/package_xml_2_cmake.py", line 22, in <module>
[1.151s]     from catkin_pkg.package import parse_package_string
[1.151s] ModuleNotFoundError: No module named 'catkin_pkg'
[1.154s] [31mCMake Error at /opt/ros/humble/share/ament_cmake_core/cmake/core/ament_package_xml.cmake:95 (message):
[1.154s]   execute_process(/home/hubert/.pyenv/shims/python3
[1.154s]   /opt/ros/humble/share/ament_cmake_core/cmake/core/package_xml_2_cmake.py
[1.154s]   /home/hubert/dmpc_planner/dmpc_planner/package.xml
[1.154s]   /home/hubert/dmpc_planner/dmpc_planner/build/dmpc_planner/ament_cmake_core/package.cmake)
[1.154s]   returned error code 1
[1.155s] Call Stack (most recent call first):
[1.155s]   /opt/ros/humble/share/ament_cmake_core/cmake/core/ament_package_xml.cmake:49 (_ament_package_xml)
[1.155s]   /opt/ros/humble/share/ament_cmake_python/cmake/ament_python_install_package.cmake:60 (ament_package_xml)
[1.155s]   /opt/ros/humble/share/ament_cmake_python/cmake/ament_python_install_package.cmake:39 (_ament_cmake_python_install_package)
[1.155s]   CMakeLists.txt:9 (ament_python_install_package)
[1.155s] 
[1.155s] [0m
[1.155s] -- Configuring incomplete, errors occurred!
[1.155s] See also "/home/hubert/dmpc_planner/dmpc_planner/build/dmpc_planner/CMakeFiles/CMakeOutput.log".
[1.157s] Invoked command in '/home/hubert/dmpc_planner/dmpc_planner/build/dmpc_planner' returned '1': /usr/bin/cmake /home/hubert/dmpc_planner/dmpc_planner -DCATKIN_INSTALL_INTO_PREFIX_ROOT=0 -DCATKIN_SYMLINK_INSTALL=ON -DCMAKE_INSTALL_PREFIX=/home/hubert/dmpc_planner/dmpc_planner/install/dmpc_planner
